2011/06/03 22:14:31 [error] [exception.CException] exception 'CException' with message 'UploadController cannot find the requested view "index".' in C:\xampp\htdocs\yii\framework\web\CController.php:875
Stack trace:
#0 C:\xampp\htdocs\yii\framework\web\CController.php(779): CController->renderPartial('index', Array, true)
#1 C:\xampp\htdocs\yii\demos\coba\protected\controllers\UploadController.php(26): CController->render('index', Array)
#2 C:\xampp\htdocs\yii\framework\web\actions\CInlineAction.php(50): UploadController->actionIndex()
#3 C:\xampp\htdocs\yii\framework\web\CController.php(300): CInlineAction->runWithParams(Array)
#4 C:\xampp\htdocs\yii\framework\web\CController.php(278): CController->runAction(Object(CInlineAction))
#5 C:\xampp\htdocs\yii\framework\web\CController.php(257): CController->runActionWithFilters(Object(CInlineAction), Array)
#6 C:\xampp\htdocs\yii\framework\web\CWebApplication.php(328): CController->run('')
#7 C:\xampp\htdocs\yii\framework\web\CWebApplication.php(121): CWebApplication->runController('upload')
#8 C:\xampp\htdocs\yii\framework\base\CApplication.php(155): CWebApplication->processRequest()
#9 C:\xampp\htdocs\yii\demos\coba\index.php(11): CApplication->run()
#10 {main} REQUEST_URI=/yii/demos/coba/index.php/upload
2011/06/03 22:15:20 [error] [exception.CException] exception 'CException' with message 'UploadController cannot find the requested view "index".' in C:\xampp\htdocs\yii\framework\web\CController.php:875
Stack trace:
#0 C:\xampp\htdocs\yii\framework\web\CController.php(779): CController->renderPartial('index', Array, true)
#1 C:\xampp\htdocs\yii\demos\coba\protected\controllers\UploadController.php(26): CController->render('index', Array)
#2 C:\xampp\htdocs\yii\framework\web\actions\CInlineAction.php(50): UploadController->actionIndex()
#3 C:\xampp\htdocs\yii\framework\web\CController.php(300): CInlineAction->runWithParams(Array)
#4 C:\xampp\htdocs\yii\framework\web\CController.php(278): CController->runAction(Object(CInlineAction))
#5 C:\xampp\htdocs\yii\framework\web\CController.php(257): CController->runActionWithFilters(Object(CInlineAction), Array)
#6 C:\xampp\htdocs\yii\framework\web\CWebApplication.php(328): CController->run('')
#7 C:\xampp\htdocs\yii\framework\web\CWebApplication.php(121): CWebApplication->runController('upload')
#8 C:\xampp\htdocs\yii\framework\base\CApplication.php(155): CWebApplication->processRequest()
#9 C:\xampp\htdocs\yii\demos\coba\index.php(11): CApplication->run()
#10 {main} REQUEST_URI=/yii/demos/coba/index.php/upload
2011/06/03 22:16:19 [error] [exception.CHttpException.404] exception 'CHttpException' with message 'The system is unable to find the requested action "upload".' in C:\xampp\htdocs\yii\framework\web\CController.php:477
Stack trace:
#0 C:\xampp\htdocs\yii\framework\web\CController.php(262): CController->missingAction('upload')
#1 C:\xampp\htdocs\yii\framework\web\CWebApplication.php(328): CController->run('upload')
#2 C:\xampp\htdocs\yii\framework\web\CWebApplication.php(121): CWebApplication->runController('site/upload')
#3 C:\xampp\htdocs\yii\framework\base\CApplication.php(155): CWebApplication->processRequest()
#4 C:\xampp\htdocs\yii\demos\coba\index.php(11): CApplication->run()
#5 {main} REQUEST_URI=/yii/demos/coba/index.php/site/upload?parent_id=1
2011/06/03 22:17:45 [error] [exception.CHttpException.404] exception 'CHttpException' with message 'The system is unable to find the requested action "upload".' in C:\xampp\htdocs\yii\framework\web\CController.php:477
Stack trace:
#0 C:\xampp\htdocs\yii\framework\web\CController.php(262): CController->missingAction('upload')
#1 C:\xampp\htdocs\yii\framework\web\CWebApplication.php(328): CController->run('upload')
#2 C:\xampp\htdocs\yii\framework\web\CWebApplication.php(121): CWebApplication->runController('site/upload')
#3 C:\xampp\htdocs\yii\framework\base\CApplication.php(155): CWebApplication->processRequest()
#4 C:\xampp\htdocs\yii\demos\coba\index.php(11): CApplication->run()
#5 {main} REQUEST_URI=/yii/demos/coba/index.php/site/upload?parent_id=1
2011/06/03 22:17:53 [error] [exception.CHttpException.404] exception 'CHttpException' with message 'The system is unable to find the requested action "upload".' in C:\xampp\htdocs\yii\framework\web\CController.php:477
Stack trace:
#0 C:\xampp\htdocs\yii\framework\web\CController.php(262): CController->missingAction('upload')
#1 C:\xampp\htdocs\yii\framework\web\CWebApplication.php(328): CController->run('upload')
#2 C:\xampp\htdocs\yii\framework\web\CWebApplication.php(121): CWebApplication->runController('site/upload')
#3 C:\xampp\htdocs\yii\framework\base\CApplication.php(155): CWebApplication->processRequest()
#4 C:\xampp\htdocs\yii\demos\coba\index.php(11): CApplication->run()
#5 {main} REQUEST_URI=/yii/demos/coba/index.php/site/upload?parent_id=1
2011/06/03 22:52:53 [error] [exception.CHttpException.404] exception 'CHttpException' with message 'The system is unable to find the requested action "upload".' in C:\xampp\htdocs\yii\framework\web\CController.php:477
Stack trace:
#0 C:\xampp\htdocs\yii\framework\web\CController.php(262): CController->missingAction('upload')
#1 C:\xampp\htdocs\yii\framework\web\CWebApplication.php(328): CController->run('upload')
#2 C:\xampp\htdocs\yii\framework\web\CWebApplication.php(121): CWebApplication->runController('site/upload')
#3 C:\xampp\htdocs\yii\framework\base\CApplication.php(155): CWebApplication->processRequest()
#4 C:\xampp\htdocs\yii\demos\coba\index.php(11): CApplication->run()
#5 {main} REQUEST_URI=/yii/demos/coba/index.php/site/upload?parent_id=1
2011/06/03 22:54:22 [error] [exception.CHttpException.404] exception 'CHttpException' with message 'The system is unable to find the requested action "upload".' in C:\xampp\htdocs\yii\framework\web\CController.php:477
Stack trace:
#0 C:\xampp\htdocs\yii\framework\web\CController.php(262): CController->missingAction('upload')
#1 C:\xampp\htdocs\yii\framework\web\CWebApplication.php(328): CController->run('upload')
#2 C:\xampp\htdocs\yii\framework\web\CWebApplication.php(121): CWebApplication->runController('site/upload')
#3 C:\xampp\htdocs\yii\framework\base\CApplication.php(155): CWebApplication->processRequest()
#4 C:\xampp\htdocs\yii\demos\coba\index.php(11): CApplication->run()
#5 {main} REQUEST_URI=/yii/demos/coba/index.php/site/upload?parent_id=1
2011/06/03 22:56:50 [error] [exception.CHttpException.404] exception 'CHttpException' with message 'The system is unable to find the requested action "upload".' in C:\xampp\htdocs\yii\framework\web\CController.php:477
Stack trace:
#0 C:\xampp\htdocs\yii\framework\web\CController.php(262): CController->missingAction('upload')
#1 C:\xampp\htdocs\yii\framework\web\CWebApplication.php(328): CController->run('upload')
#2 C:\xampp\htdocs\yii\framework\web\CWebApplication.php(121): CWebApplication->runController('site/upload')
#3 C:\xampp\htdocs\yii\framework\base\CApplication.php(155): CWebApplication->processRequest()
#4 C:\xampp\htdocs\yii\demos\coba\index.php(11): CApplication->run()
#5 {main} REQUEST_URI=/yii/demos/coba/index.php/site/upload?parent_id=1
2011/06/03 22:56:50 [error] [exception.CHttpException.404] exception 'CHttpException' with message 'The system is unable to find the requested action "upload".' in C:\xampp\htdocs\yii\framework\web\CController.php:477
Stack trace:
#0 C:\xampp\htdocs\yii\framework\web\CController.php(262): CController->missingAction('upload')
#1 C:\xampp\htdocs\yii\framework\web\CWebApplication.php(328): CController->run('upload')
#2 C:\xampp\htdocs\yii\framework\web\CWebApplication.php(121): CWebApplication->runController('site/upload')
#3 C:\xampp\htdocs\yii\framework\base\CApplication.php(155): CWebApplication->processRequest()
#4 C:\xampp\htdocs\yii\demos\coba\index.php(11): CApplication->run()
#5 {main} REQUEST_URI=/yii/demos/coba/index.php/site/upload?parent_id=1
2011/06/03 22:56:50 [error] [exception.CHttpException.404] exception 'CHttpException' with message 'The system is unable to find the requested action "upload".' in C:\xampp\htdocs\yii\framework\web\CController.php:477
Stack trace:
#0 C:\xampp\htdocs\yii\framework\web\CController.php(262): CController->missingAction('upload')
#1 C:\xampp\htdocs\yii\framework\web\CWebApplication.php(328): CController->run('upload')
#2 C:\xampp\htdocs\yii\framework\web\CWebApplication.php(121): CWebApplication->runController('site/upload')
#3 C:\xampp\htdocs\yii\framework\base\CApplication.php(155): CWebApplication->processRequest()
#4 C:\xampp\htdocs\yii\demos\coba\index.php(11): CApplication->run()
#5 {main} REQUEST_URI=/yii/demos/coba/index.php/site/upload?parent_id=1
2011/06/04 00:00:53 [error] [exception.CHttpException.404] exception 'CHttpException' with message 'The system is unable to find the requested action "upload".' in C:\xampp\htdocs\yii\framework\web\CController.php:477
Stack trace:
#0 C:\xampp\htdocs\yii\framework\web\CController.php(262): CController->missingAction('upload')
#1 C:\xampp\htdocs\yii\framework\web\CWebApplication.php(328): CController->run('upload')
#2 C:\xampp\htdocs\yii\framework\web\CWebApplication.php(121): CWebApplication->runController('site/upload')
#3 C:\xampp\htdocs\yii\framework\base\CApplication.php(155): CWebApplication->processRequest()
#4 C:\xampp\htdocs\yii\demos\coba\index.php(11): CApplication->run()
#5 {main} REQUEST_URI=/yii/demos/coba/index.php/site/upload?parent_id=1
2011/06/04 00:00:53 [error] [exception.CHttpException.404] exception 'CHttpException' with message 'The system is unable to find the requested action "upload".' in C:\xampp\htdocs\yii\framework\web\CController.php:477
Stack trace:
#0 C:\xampp\htdocs\yii\framework\web\CController.php(262): CController->missingAction('upload')
#1 C:\xampp\htdocs\yii\framework\web\CWebApplication.php(328): CController->run('upload')
#2 C:\xampp\htdocs\yii\framework\web\CWebApplication.php(121): CWebApplication->runController('site/upload')
#3 C:\xampp\htdocs\yii\framework\base\CApplication.php(155): CWebApplication->processRequest()
#4 C:\xampp\htdocs\yii\demos\coba\index.php(11): CApplication->run()
#5 {main} REQUEST_URI=/yii/demos/coba/index.php/site/upload?parent_id=1
2011/06/04 00:00:53 [error] [exception.CHttpException.404] exception 'CHttpException' with message 'The system is unable to find the requested action "upload".' in C:\xampp\htdocs\yii\framework\web\CController.php:477
Stack trace:
#0 C:\xampp\htdocs\yii\framework\web\CController.php(262): CController->missingAction('upload')
#1 C:\xampp\htdocs\yii\framework\web\CWebApplication.php(328): CController->run('upload')
#2 C:\xampp\htdocs\yii\framework\web\CWebApplication.php(121): CWebApplication->runController('site/upload')
#3 C:\xampp\htdocs\yii\framework\base\CApplication.php(155): CWebApplication->processRequest()
#4 C:\xampp\htdocs\yii\demos\coba\index.php(11): CApplication->run()
#5 {main} REQUEST_URI=/yii/demos/coba/index.php/site/upload?parent_id=1
2011/06/04 00:04:50 [error] [exception.CHttpException.404] exception 'CHttpException' with message 'The system is unable to find the requested action "upload".' in C:\xampp\htdocs\yii\framework\web\CController.php:477
Stack trace:
#0 C:\xampp\htdocs\yii\framework\web\CController.php(262): CController->missingAction('upload')
#1 C:\xampp\htdocs\yii\framework\web\CWebApplication.php(328): CController->run('upload')
#2 C:\xampp\htdocs\yii\framework\web\CWebApplication.php(121): CWebApplication->runController('site/upload')
#3 C:\xampp\htdocs\yii\framework\base\CApplication.php(155): CWebApplication->processRequest()
#4 C:\xampp\htdocs\yii\demos\coba\index.php(11): CApplication->run()
#5 {main} REQUEST_URI=/yii/demos/coba/index.php/site/upload?parent_id=1
2011/06/04 00:06:02 [error] [exception.CHttpException.404] exception 'CHttpException' with message 'The system is unable to find the requested action "upload".' in C:\xampp\htdocs\yii\framework\web\CController.php:477
Stack trace:
#0 C:\xampp\htdocs\yii\framework\web\CController.php(262): CController->missingAction('upload')
#1 C:\xampp\htdocs\yii\framework\web\CWebApplication.php(328): CController->run('upload')
#2 C:\xampp\htdocs\yii\framework\web\CWebApplication.php(121): CWebApplication->runController('site/upload')
#3 C:\xampp\htdocs\yii\framework\base\CApplication.php(155): CWebApplication->processRequest()
#4 C:\xampp\htdocs\yii\demos\coba\index.php(11): CApplication->run()
#5 {main} REQUEST_URI=/yii/demos/coba/index.php/site/upload?parent_id=1
2011/06/04 00:09:07 [error] [exception.CHttpException.500] exception 'CHttpException' with message ' does not exists.' in C:\xampp\htdocs\yii\demos\coba\protected\extensions\xupload\actions\XUploadAction.php:98
Stack trace:
#0 C:\xampp\htdocs\yii\demos\coba\protected\extensions\xupload\actions\XUploadAction.php(117): XUploadAction->init()
#1 C:\xampp\htdocs\yii\framework\web\actions\CAction.php(72): XUploadAction->run()
#2 C:\xampp\htdocs\yii\framework\web\CController.php(300): CAction->runWithParams(Array)
#3 C:\xampp\htdocs\yii\framework\web\CController.php(278): CController->runAction(Object(XUploadAction))
#4 C:\xampp\htdocs\yii\framework\web\CController.php(257): CController->runActionWithFilters(Object(XUploadAction), Array)
#5 C:\xampp\htdocs\yii\framework\web\CWebApplication.php(328): CController->run('upload')
#6 C:\xampp\htdocs\yii\framework\web\CWebApplication.php(121): CWebApplication->runController('upload/upload')
#7 C:\xampp\htdocs\yii\framework\base\CApplication.php(155): CWebApplication->processRequest()
#8 C:\xampp\htdocs\yii\demos\coba\index.php(11): CApplication->run()
#9 {main} REQUEST_URI=/yii/demos/coba/index.php/upload/upload?parent_id=1
2011/06/04 00:11:40 [error] [exception.CHttpException.404] exception 'CHttpException' with message 'The system is unable to find the requested action "upload".' in C:\xampp\htdocs\yii\framework\web\CController.php:477
Stack trace:
#0 C:\xampp\htdocs\yii\framework\web\CController.php(262): CController->missingAction('upload')
#1 C:\xampp\htdocs\yii\framework\web\CWebApplication.php(328): CController->run('upload')
#2 C:\xampp\htdocs\yii\framework\web\CWebApplication.php(121): CWebApplication->runController('site/upload')
#3 C:\xampp\htdocs\yii\framework\base\CApplication.php(155): CWebApplication->processRequest()
#4 C:\xampp\htdocs\yii\demos\coba\index.php(11): CApplication->run()
#5 {main} REQUEST_URI=/yii/demos/coba/index.php/site/upload?parent_id=1
2011/06/04 00:12:30 [error] [exception.CHttpException.404] exception 'CHttpException' with message 'The system is unable to find the requested action "upload".' in C:\xampp\htdocs\yii\framework\web\CController.php:477
Stack trace:
#0 C:\xampp\htdocs\yii\framework\web\CController.php(262): CController->missingAction('upload')
#1 C:\xampp\htdocs\yii\framework\web\CWebApplication.php(328): CController->run('upload')
#2 C:\xampp\htdocs\yii\framework\web\CWebApplication.php(121): CWebApplication->runController('site/upload')
#3 C:\xampp\htdocs\yii\framework\base\CApplication.php(155): CWebApplication->processRequest()
#4 C:\xampp\htdocs\yii\demos\coba\index.php(11): CApplication->run()
#5 {main} REQUEST_URI=/yii/demos/coba/index.php/site/upload?parent_id=1
2011/06/04 00:12:52 [error] [exception.CHttpException.404] exception 'CHttpException' with message 'The system is unable to find the requested action "upload".' in C:\xampp\htdocs\yii\framework\web\CController.php:477
Stack trace:
#0 C:\xampp\htdocs\yii\framework\web\CController.php(262): CController->missingAction('upload')
#1 C:\xampp\htdocs\yii\framework\web\CWebApplication.php(328): CController->run('upload')
#2 C:\xampp\htdocs\yii\framework\web\CWebApplication.php(121): CWebApplication->runController('site/upload')
#3 C:\xampp\htdocs\yii\framework\base\CApplication.php(155): CWebApplication->processRequest()
#4 C:\xampp\htdocs\yii\demos\coba\index.php(11): CApplication->run()
#5 {main} REQUEST_URI=/yii/demos/coba/index.php/site/upload?parent_id=1
2011/06/04 00:22:43 [error] [exception.CHttpException.404] exception 'CHttpException' with message 'Unable to resolve the request "multiple".' in C:\xampp\htdocs\yii\framework\web\CWebApplication.php:332
Stack trace:
#0 C:\xampp\htdocs\yii\framework\web\CWebApplication.php(121): CWebApplication->runController('multiple')
#1 C:\xampp\htdocs\yii\framework\base\CApplication.php(155): CWebApplication->processRequest()
#2 C:\xampp\htdocs\yii\demos\coba\index.php(11): CApplication->run()
#3 {main} REQUEST_URI=/yii/demos/coba/index.php/multiple
2011/06/04 00:23:01 [error] [exception.CHttpException.404] exception 'CHttpException' with message 'Unable to resolve the request "queue".' in C:\xampp\htdocs\yii\framework\web\CWebApplication.php:332
Stack trace:
#0 C:\xampp\htdocs\yii\framework\web\CWebApplication.php(121): CWebApplication->runController('queue')
#1 C:\xampp\htdocs\yii\framework\base\CApplication.php(155): CWebApplication->processRequest()
#2 C:\xampp\htdocs\yii\demos\coba\index.php(11): CApplication->run()
#3 {main} REQUEST_URI=/yii/demos/coba/index.php/queue
2011/06/04 00:23:33 [error] [exception.CHttpException.404] exception 'CHttpException' with message 'The system is unable to find the requested action "parent_id".' in C:\xampp\htdocs\yii\framework\web\CController.php:477
Stack trace:
#0 C:\xampp\htdocs\yii\framework\web\CController.php(262): CController->missingAction('parent_id')
#1 C:\xampp\htdocs\yii\framework\web\CWebApplication.php(328): CController->run('parent_id')
#2 C:\xampp\htdocs\yii\framework\web\CWebApplication.php(121): CWebApplication->runController('upload/parent_i...')
#3 C:\xampp\htdocs\yii\framework\base\CApplication.php(155): CWebApplication->processRequest()
#4 C:\xampp\htdocs\yii\demos\coba\index.php(11): CApplication->run()
#5 {main} REQUEST_URI=/yii/demos/coba/index.php/upload/parent_id/1
2011/06/04 00:34:01 [error] [exception.CHttpException.404] exception 'CHttpException' with message 'The system is unable to find the requested action "parent_id".' in C:\xampp\htdocs\yii\framework\web\CController.php:477
Stack trace:
#0 C:\xampp\htdocs\yii\framework\web\CController.php(262): CController->missingAction('parent_id')
#1 C:\xampp\htdocs\yii\framework\web\CWebApplication.php(328): CController->run('parent_id')
#2 C:\xampp\htdocs\yii\framework\web\CWebApplication.php(121): CWebApplication->runController('upload/parent_i...')
#3 C:\xampp\htdocs\yii\framework\base\CApplication.php(155): CWebApplication->processRequest()
#4 C:\xampp\htdocs\yii\demos\coba\index.php(11): CApplication->run()
#5 {main} REQUEST_URI=/yii/demos/coba/index.php/upload/parent_id/1
2011/06/04 00:34:16 [error] [exception.CHttpException.404] exception 'CHttpException' with message 'The system is unable to find the requested action "parent_id".' in C:\xampp\htdocs\yii\framework\web\CController.php:477
Stack trace:
#0 C:\xampp\htdocs\yii\framework\web\CController.php(262): CController->missingAction('parent_id')
#1 C:\xampp\htdocs\yii\framework\web\CWebApplication.php(328): CController->run('parent_id')
#2 C:\xampp\htdocs\yii\framework\web\CWebApplication.php(121): CWebApplication->runController('upload/parent_i...')
#3 C:\xampp\htdocs\yii\framework\base\CApplication.php(155): CWebApplication->processRequest()
#4 C:\xampp\htdocs\yii\demos\coba\index.php(11): CApplication->run()
#5 {main} REQUEST_URI=/yii/demos/coba/index.php/upload/parent_id/1
2011/06/04 00:39:16 [error] [exception.CHttpException.404] exception 'CHttpException' with message 'The system is unable to find the requested action "parent_id".' in C:\xampp\htdocs\yii\framework\web\CController.php:477
Stack trace:
#0 C:\xampp\htdocs\yii\framework\web\CController.php(262): CController->missingAction('parent_id')
#1 C:\xampp\htdocs\yii\framework\web\CWebApplication.php(328): CController->run('parent_id')
#2 C:\xampp\htdocs\yii\framework\web\CWebApplication.php(121): CWebApplication->runController('upload/parent_i...')
#3 C:\xampp\htdocs\yii\framework\base\CApplication.php(155): CWebApplication->processRequest()
#4 C:\xampp\htdocs\yii\demos\coba\index.php(11): CApplication->run()
#5 {main} REQUEST_URI=/yii/demos/coba/index.php/upload/parent_id/1
2011/06/04 00:39:16 [error] [exception.CHttpException.404] exception 'CHttpException' with message 'The system is unable to find the requested action "parent_id".' in C:\xampp\htdocs\yii\framework\web\CController.php:477
Stack trace:
#0 C:\xampp\htdocs\yii\framework\web\CController.php(262): CController->missingAction('parent_id')
#1 C:\xampp\htdocs\yii\framework\web\CWebApplication.php(328): CController->run('parent_id')
#2 C:\xampp\htdocs\yii\framework\web\CWebApplication.php(121): CWebApplication->runController('upload/parent_i...')
#3 C:\xampp\htdocs\yii\framework\base\CApplication.php(155): CWebApplication->processRequest()
#4 C:\xampp\htdocs\yii\demos\coba\index.php(11): CApplication->run()
#5 {main} REQUEST_URI=/yii/demos/coba/index.php/upload/parent_id/1
2011/06/04 00:39:16 [error] [exception.CHttpException.404] exception 'CHttpException' with message 'The system is unable to find the requested action "parent_id".' in C:\xampp\htdocs\yii\framework\web\CController.php:477
Stack trace:
#0 C:\xampp\htdocs\yii\framework\web\CController.php(262): CController->missingAction('parent_id')
#1 C:\xampp\htdocs\yii\framework\web\CWebApplication.php(328): CController->run('parent_id')
#2 C:\xampp\htdocs\yii\framework\web\CWebApplication.php(121): CWebApplication->runController('upload/parent_i...')
#3 C:\xampp\htdocs\yii\framework\base\CApplication.php(155): CWebApplication->processRequest()
#4 C:\xampp\htdocs\yii\demos\coba\index.php(11): CApplication->run()
#5 {main} REQUEST_URI=/yii/demos/coba/index.php/upload/parent_id/1
2011/06/04 00:39:16 [error] [exception.CHttpException.404] exception 'CHttpException' with message 'The system is unable to find the requested action "parent_id".' in C:\xampp\htdocs\yii\framework\web\CController.php:477
Stack trace:
#0 C:\xampp\htdocs\yii\framework\web\CController.php(262): CController->missingAction('parent_id')
#1 C:\xampp\htdocs\yii\framework\web\CWebApplication.php(328): CController->run('parent_id')
#2 C:\xampp\htdocs\yii\framework\web\CWebApplication.php(121): CWebApplication->runController('upload/parent_i...')
#3 C:\xampp\htdocs\yii\framework\base\CApplication.php(155): CWebApplication->processRequest()
#4 C:\xampp\htdocs\yii\demos\coba\index.php(11): CApplication->run()
#5 {main} REQUEST_URI=/yii/demos/coba/index.php/upload/parent_id/1
2011/06/04 00:39:16 [error] [exception.CHttpException.404] exception 'CHttpException' with message 'The system is unable to find the requested action "parent_id".' in C:\xampp\htdocs\yii\framework\web\CController.php:477
Stack trace:
#0 C:\xampp\htdocs\yii\framework\web\CController.php(262): CController->missingAction('parent_id')
#1 C:\xampp\htdocs\yii\framework\web\CWebApplication.php(328): CController->run('parent_id')
#2 C:\xampp\htdocs\yii\framework\web\CWebApplication.php(121): CWebApplication->runController('upload/parent_i...')
#3 C:\xampp\htdocs\yii\framework\base\CApplication.php(155): CWebApplication->processRequest()
#4 C:\xampp\htdocs\yii\demos\coba\index.php(11): CApplication->run()
#5 {main} REQUEST_URI=/yii/demos/coba/index.php/upload/parent_id/1
2011/06/04 00:39:16 [error] [exception.CHttpException.404] exception 'CHttpException' with message 'The system is unable to find the requested action "parent_id".' in C:\xampp\htdocs\yii\framework\web\CController.php:477
Stack trace:
#0 C:\xampp\htdocs\yii\framework\web\CController.php(262): CController->missingAction('parent_id')
#1 C:\xampp\htdocs\yii\framework\web\CWebApplication.php(328): CController->run('parent_id')
#2 C:\xampp\htdocs\yii\framework\web\CWebApplication.php(121): CWebApplication->runController('upload/parent_i...')
#3 C:\xampp\htdocs\yii\framework\base\CApplication.php(155): CWebApplication->processRequest()
#4 C:\xampp\htdocs\yii\demos\coba\index.php(11): CApplication->run()
#5 {main} REQUEST_URI=/yii/demos/coba/index.php/upload/parent_id/1
2011/06/04 00:49:15 [error] [application.extensions.xupload.actions.XUploadAction] XUploadAction: array
(
    'file' => array
    (
        '0' => 'The file \"Kode-kelas.csv\" cannot be uploaded. Only files with these extensions are allowed: jpg, png, gif.'
    )
)
2011/06/04 00:49:15 [error] [exception.CHttpException.500] exception 'CHttpException' with message 'Could not upload file' in C:\xampp\htdocs\yii\demos\coba\protected\extensions\xupload\actions\XUploadAction.php:134
Stack trace:
#0 C:\xampp\htdocs\yii\framework\web\actions\CAction.php(72): XUploadAction->run()
#1 C:\xampp\htdocs\yii\framework\web\CController.php(300): CAction->runWithParams(Array)
#2 C:\xampp\htdocs\yii\framework\web\CController.php(278): CController->runAction(Object(XUploadAction))
#3 C:\xampp\htdocs\yii\framework\web\CController.php(257): CController->runActionWithFilters(Object(XUploadAction), Array)
#4 C:\xampp\htdocs\yii\framework\web\CWebApplication.php(328): CController->run('upload')
#5 C:\xampp\htdocs\yii\framework\web\CWebApplication.php(121): CWebApplication->runController('upload/upload')
#6 C:\xampp\htdocs\yii\framework\base\CApplication.php(155): CWebApplication->processRequest()
#7 C:\xampp\htdocs\yii\demos\coba\index.php(11): CApplication->run()
#8 {main} REQUEST_URI=/yii/demos/coba/index.php/upload/upload?parent_id=1
2011/06/04 00:54:20 [error] [application.extensions.xupload.actions.XUploadAction] XUploadAction: array
(
    'file' => array
    (
        '0' => 'The file \"Logo SMAN 5 C.cdr\" cannot be uploaded. Only files with these extensions are allowed: jpg, png, gif.'
    )
)
2011/06/04 00:54:20 [error] [exception.CHttpException.500] exception 'CHttpException' with message 'Could not upload file' in C:\xampp\htdocs\yii\demos\coba\protected\extensions\xupload\actions\XUploadAction.php:134
Stack trace:
#0 C:\xampp\htdocs\yii\framework\web\actions\CAction.php(72): XUploadAction->run()
#1 C:\xampp\htdocs\yii\framework\web\CController.php(300): CAction->runWithParams(Array)
#2 C:\xampp\htdocs\yii\framework\web\CController.php(278): CController->runAction(Object(XUploadAction))
#3 C:\xampp\htdocs\yii\framework\web\CController.php(257): CController->runActionWithFilters(Object(XUploadAction), Array)
#4 C:\xampp\htdocs\yii\framework\web\CWebApplication.php(328): CController->run('upload')
#5 C:\xampp\htdocs\yii\framework\web\CWebApplication.php(121): CWebApplication->runController('upload/upload')
#6 C:\xampp\htdocs\yii\framework\base\CApplication.php(155): CWebApplication->processRequest()
#7 C:\xampp\htdocs\yii\demos\coba\index.php(11): CApplication->run()
#8 {main} REQUEST_URI=/yii/demos/coba/index.php/upload/upload?parent_id=1
2011/06/04 00:54:21 [error] [application.extensions.xupload.actions.XUploadAction] XUploadAction: array
(
    'file' => array
    (
        '0' => 'The file \"siswa5-10-11(3).csv\" cannot be uploaded. Only files with these extensions are allowed: jpg, png, gif.'
    )
)
2011/06/04 00:54:21 [error] [exception.CHttpException.500] exception 'CHttpException' with message 'Could not upload file' in C:\xampp\htdocs\yii\demos\coba\protected\extensions\xupload\actions\XUploadAction.php:134
Stack trace:
#0 C:\xampp\htdocs\yii\framework\web\actions\CAction.php(72): XUploadAction->run()
#1 C:\xampp\htdocs\yii\framework\web\CController.php(300): CAction->runWithParams(Array)
#2 C:\xampp\htdocs\yii\framework\web\CController.php(278): CController->runAction(Object(XUploadAction))
#3 C:\xampp\htdocs\yii\framework\web\CController.php(257): CController->runActionWithFilters(Object(XUploadAction), Array)
#4 C:\xampp\htdocs\yii\framework\web\CWebApplication.php(328): CController->run('upload')
#5 C:\xampp\htdocs\yii\framework\web\CWebApplication.php(121): CWebApplication->runController('upload/upload')
#6 C:\xampp\htdocs\yii\framework\base\CApplication.php(155): CWebApplication->processRequest()
#7 C:\xampp\htdocs\yii\demos\coba\index.php(11): CApplication->run()
#8 {main} REQUEST_URI=/yii/demos/coba/index.php/upload/upload?parent_id=1
2011/06/04 00:54:21 [error] [application.extensions.xupload.actions.XUploadAction] XUploadAction: array
(
    'file' => array
    (
        '0' => 'The file \"siswa5-10-11.csv\" cannot be uploaded. Only files with these extensions are allowed: jpg, png, gif.'
    )
)
2011/06/04 00:54:21 [error] [exception.CHttpException.500] exception 'CHttpException' with message 'Could not upload file' in C:\xampp\htdocs\yii\demos\coba\protected\extensions\xupload\actions\XUploadAction.php:134
Stack trace:
#0 C:\xampp\htdocs\yii\framework\web\actions\CAction.php(72): XUploadAction->run()
#1 C:\xampp\htdocs\yii\framework\web\CController.php(300): CAction->runWithParams(Array)
#2 C:\xampp\htdocs\yii\framework\web\CController.php(278): CController->runAction(Object(XUploadAction))
#3 C:\xampp\htdocs\yii\framework\web\CController.php(257): CController->runActionWithFilters(Object(XUploadAction), Array)
#4 C:\xampp\htdocs\yii\framework\web\CWebApplication.php(328): CController->run('upload')
#5 C:\xampp\htdocs\yii\framework\web\CWebApplication.php(121): CWebApplication->runController('upload/upload')
#6 C:\xampp\htdocs\yii\framework\base\CApplication.php(155): CWebApplication->processRequest()
#7 C:\xampp\htdocs\yii\demos\coba\index.php(11): CApplication->run()
#8 {main} REQUEST_URI=/yii/demos/coba/index.php/upload/upload?parent_id=1
2011/06/04 00:54:21 [error] [application.extensions.xupload.actions.XUploadAction] XUploadAction: array
(
    'file' => array
    (
        '0' => 'The file \"siswa5-10-11(2).csv\" cannot be uploaded. Only files with these extensions are allowed: jpg, png, gif.'
    )
)
2011/06/04 00:54:21 [error] [exception.CHttpException.500] exception 'CHttpException' with message 'Could not upload file' in C:\xampp\htdocs\yii\demos\coba\protected\extensions\xupload\actions\XUploadAction.php:134
Stack trace:
#0 C:\xampp\htdocs\yii\framework\web\actions\CAction.php(72): XUploadAction->run()
#1 C:\xampp\htdocs\yii\framework\web\CController.php(300): CAction->runWithParams(Array)
#2 C:\xampp\htdocs\yii\framework\web\CController.php(278): CController->runAction(Object(XUploadAction))
#3 C:\xampp\htdocs\yii\framework\web\CController.php(257): CController->runActionWithFilters(Object(XUploadAction), Array)
#4 C:\xampp\htdocs\yii\framework\web\CWebApplication.php(328): CController->run('upload')
#5 C:\xampp\htdocs\yii\framework\web\CWebApplication.php(121): CWebApplication->runController('upload/upload')
#6 C:\xampp\htdocs\yii\framework\base\CApplication.php(155): CWebApplication->processRequest()
#7 C:\xampp\htdocs\yii\demos\coba\index.php(11): CApplication->run()
#8 {main} REQUEST_URI=/yii/demos/coba/index.php/upload/upload?parent_id=1
2011/06/04 00:57:16 [error] [application.extensions.xupload.actions.XUploadAction] XUploadAction: array
(
    'file' => array
    (
        '0' => 'The file \"Logo 5 Vector.cdr\" cannot be uploaded. Only files with these extensions are allowed: jpg, png, gif.'
    )
)
2011/06/04 00:57:16 [error] [exception.CHttpException.500] exception 'CHttpException' with message 'Could not upload file' in C:\xampp\htdocs\yii\demos\coba\protected\extensions\xupload\actions\XUploadAction.php:134
Stack trace:
#0 C:\xampp\htdocs\yii\framework\web\actions\CAction.php(72): XUploadAction->run()
#1 C:\xampp\htdocs\yii\framework\web\CController.php(300): CAction->runWithParams(Array)
#2 C:\xampp\htdocs\yii\framework\web\CController.php(278): CController->runAction(Object(XUploadAction))
#3 C:\xampp\htdocs\yii\framework\web\CController.php(257): CController->runActionWithFilters(Object(XUploadAction), Array)
#4 C:\xampp\htdocs\yii\framework\web\CWebApplication.php(328): CController->run('upload')
#5 C:\xampp\htdocs\yii\framework\web\CWebApplication.php(121): CWebApplication->runController('upload/upload')
#6 C:\xampp\htdocs\yii\framework\base\CApplication.php(155): CWebApplication->processRequest()
#7 C:\xampp\htdocs\yii\demos\coba\index.php(11): CApplication->run()
#8 {main} REQUEST_URI=/yii/demos/coba/index.php/upload/upload?parent_id=1
2011/06/04 00:57:16 [error] [application.extensions.xupload.actions.XUploadAction] XUploadAction: array
(
    'file' => array
    (
        '0' => 'The file \"Kode-kelas.csv\" cannot be uploaded. Only files with these extensions are allowed: jpg, png, gif.'
    )
)
2011/06/04 00:57:16 [error] [exception.CHttpException.500] exception 'CHttpException' with message 'Could not upload file' in C:\xampp\htdocs\yii\demos\coba\protected\extensions\xupload\actions\XUploadAction.php:134
Stack trace:
#0 C:\xampp\htdocs\yii\framework\web\actions\CAction.php(72): XUploadAction->run()
#1 C:\xampp\htdocs\yii\framework\web\CController.php(300): CAction->runWithParams(Array)
#2 C:\xampp\htdocs\yii\framework\web\CController.php(278): CController->runAction(Object(XUploadAction))
#3 C:\xampp\htdocs\yii\framework\web\CController.php(257): CController->runActionWithFilters(Object(XUploadAction), Array)
#4 C:\xampp\htdocs\yii\framework\web\CWebApplication.php(328): CController->run('upload')
#5 C:\xampp\htdocs\yii\framework\web\CWebApplication.php(121): CWebApplication->runController('upload/upload')
#6 C:\xampp\htdocs\yii\framework\base\CApplication.php(155): CWebApplication->processRequest()
#7 C:\xampp\htdocs\yii\demos\coba\index.php(11): CApplication->run()
#8 {main} REQUEST_URI=/yii/demos/coba/index.php/upload/upload?parent_id=1
2011/06/04 01:00:03 [error] [application.extensions.xupload.actions.XUploadAction] XUploadAction: array
(
    'file' => array
    (
        '0' => 'The file \"siswa5-10-11(2).csv\" cannot be uploaded. Only files with these extensions are allowed: jpg, png, gif.'
    )
)
2011/06/04 01:00:03 [error] [application.extensions.xupload.actions.XUploadAction] XUploadAction: array
(
    'file' => array
    (
        '0' => 'The file \"siswa5-10-11(3).csv\" cannot be uploaded. Only files with these extensions are allowed: jpg, png, gif.'
    )
)
2011/06/04 01:00:03 [error] [application.extensions.xupload.actions.XUploadAction] XUploadAction: array
(
    'file' => array
    (
        '0' => 'The file \"Logo SMAN 5 C.cdr\" cannot be uploaded. Only files with these extensions are allowed: jpg, png, gif.'
    )
)
2011/06/04 01:00:36 [error] [application.extensions.xupload.actions.XUploadAction] XUploadAction: array
(
    'file' => array
    (
        '0' => 'The file \"siswa5-10-11(2).csv\" cannot be uploaded. Only files with these extensions are allowed: jpg, png, gif.'
    )
)
2011/06/04 01:00:36 [error] [application.extensions.xupload.actions.XUploadAction] XUploadAction: array
(
    'file' => array
    (
        '0' => 'The file \"siswa5-10-11(3).csv\" cannot be uploaded. Only files with these extensions are allowed: jpg, png, gif.'
    )
)
2011/06/04 01:00:36 [error] [application.extensions.xupload.actions.XUploadAction] XUploadAction: array
(
    'file' => array
    (
        '0' => 'The file \"siswa5-10-11.csv\" cannot be uploaded. Only files with these extensions are allowed: jpg, png, gif.'
    )
)
2011/06/04 01:01:07 [error] [application.extensions.xupload.actions.XUploadAction] XUploadAction: array
(
    'file' => array
    (
        '0' => 'The file \"siswa5-10-11(3).csv\" cannot be uploaded. Only files with these extensions are allowed: jpg, png, gif.'
    )
)
2011/06/04 01:01:08 [error] [application.extensions.xupload.actions.XUploadAction] XUploadAction: array
(
    'file' => array
    (
        '0' => 'The file \"siswa5-10-11(2).csv\" cannot be uploaded. Only files with these extensions are allowed: jpg, png, gif.'
    )
)
2011/06/04 01:01:08 [error] [application.extensions.xupload.actions.XUploadAction] XUploadAction: array
(
    'file' => array
    (
        '0' => 'The file \"siswa5-10-11.csv\" cannot be uploaded. Only files with these extensions are allowed: jpg, png, gif.'
    )
)
2011/06/04 01:01:31 [error] [application.extensions.xupload.actions.XUploadAction] XUploadAction: array
(
    'file' => array
    (
        '0' => 'The file \"eyeos-2.5.tar.gz\" is too large. Its size cannot exceed 512000 bytes.'
        '1' => 'The file \"eyeos-2.5.tar.gz\" cannot be uploaded. Only files with these extensions are allowed: jpg, png, gif.'
    )
)
2011/06/04 01:02:11 [error] [application.extensions.xupload.actions.XUploadAction] XUploadAction: array
(
    'file' => array
    (
        '0' => 'The file \"coba.csv\" cannot be uploaded. Only files with these extensions are allowed: jpg, png, gif.'
    )
)
2011/06/04 01:04:29 [error] [application.extensions.xupload.actions.XUploadAction] XUploadAction: array
(
    'file' => array
    (
        '0' => 'The file \"siswa5-10-11(3).csv\" cannot be uploaded. Only files with these extensions are allowed: jpg, png, gif.'
    )
)
2011/06/04 01:04:29 [error] [php] Missing argument 1 for CModel::getError(), called in C:\xampp\htdocs\yii\demos\coba\protected\extensions\xupload\actions\XUploadAction.php on line 134 and defined (C:\xampp\htdocs\yii\framework\base\CModel.php:369)
Stack trace:
#0 C:\xampp\htdocs\yii\framework\web\CController.php(300): XUploadAction->runWithParams()
#1 C:\xampp\htdocs\yii\framework\web\CController.php(278): UploadController->runAction()
#2 C:\xampp\htdocs\yii\framework\web\CController.php(257): UploadController->runActionWithFilters()
#3 C:\xampp\htdocs\yii\framework\web\CWebApplication.php(328): UploadController->run()
#4 C:\xampp\htdocs\yii\framework\web\CWebApplication.php(121): CWebApplication->runController()
#5 C:\xampp\htdocs\yii\framework\base\CApplication.php(155): CWebApplication->processRequest()
#6 C:\xampp\htdocs\yii\demos\coba\index.php(11): CWebApplication->run()
REQUEST_URI=/yii/demos/coba/index.php/upload/upload?parent_id=1
2011/06/04 01:04:45 [error] [application.extensions.xupload.actions.XUploadAction] XUploadAction: array
(
    'file' => array
    (
        '0' => 'The file \"siswa5-10-11(2).csv\" cannot be uploaded. Only files with these extensions are allowed: jpg, png, gif.'
    )
)
2011/06/04 01:05:49 [error] [application.extensions.xupload.actions.XUploadAction] XUploadAction: array
(
    'file' => array
    (
        '0' => 'The file \"siswa5-10-11.csv\" cannot be uploaded. Only files with these extensions are allowed: jpg, png, gif.'
    )
)
2011/06/04 01:06:33 [error] [application.extensions.xupload.actions.XUploadAction] XUploadAction: array
(
    'file' => array
    (
        '0' => 'The file \"siswa5-10-11(2).csv\" cannot be uploaded. Only files with these extensions are allowed: jpg, png, gif.'
    )
)
2011/06/04 01:06:33 [error] [application.extensions.xupload.actions.XUploadAction] XUploadAction: array
(
    'file' => array
    (
        '0' => 'The file \"siswa5-10-11(3).csv\" cannot be uploaded. Only files with these extensions are allowed: jpg, png, gif.'
    )
)
2011/06/04 01:06:33 [error] [application.extensions.xupload.actions.XUploadAction] XUploadAction: array
(
    'file' => array
    (
        '0' => 'The file \"siswa5-10-11.csv\" cannot be uploaded. Only files with these extensions are allowed: jpg, png, gif.'
    )
)
2011/06/17 21:34:21 [error] [exception.CException] exception 'CException' with message 'Property "AdGallery.0" is not defined.' in C:\xampp\htdocs\yii\framework\base\CComponent.php:173
Stack trace:
#0 C:\xampp\htdocs\yii\framework\web\CWidgetFactory.php(162): CComponent->__set('0', 'uploads/1/icys2...')
#1 C:\xampp\htdocs\yii\framework\web\CBaseController.php(139): CWidgetFactory->createWidget(Object(SiteController), 'application.ext...', Array)
#2 C:\xampp\htdocs\yii\framework\web\CBaseController.php(165): CBaseController->createWidget('application.ext...', Array)
#3 C:\xampp\htdocs\yii\demos\coba\protected\views\site\pages\adgallery.php(11): CBaseController->widget('application.ext...', Array)
#4 C:\xampp\htdocs\yii\framework\web\CBaseController.php(119): require('C:\xampp\htdocs...')
#5 C:\xampp\htdocs\yii\framework\web\CBaseController.php(88): CBaseController->renderInternal('C:\xampp\htdocs...', NULL, true)
#6 C:\xampp\htdocs\yii\framework\web\CController.php(866): CBaseController->renderFile('C:\xampp\htdocs...', NULL, true)
#7 C:\xampp\htdocs\yii\framework\web\CController.php(779): CController->renderPartial('pages/adgallery', NULL, true)
#8 C:\xampp\htdocs\yii\framework\web\actions\CViewAction.php(138): CController->render('pages/adgallery')
#9 C:\xampp\htdocs\yii\framework\web\actions\CAction.php(72): CViewAction->run()
#10 C:\xampp\htdocs\yii\framework\web\CController.php(300): CAction->runWithParams(Array)
#11 C:\xampp\htdocs\yii\framework\web\CController.php(278): CController->runAction(Object(CViewAction))
#12 C:\xampp\htdocs\yii\framework\web\CController.php(257): CController->runActionWithFilters(Object(CViewAction), Array)
#13 C:\xampp\htdocs\yii\framework\web\CWebApplication.php(328): CController->run('page')
#14 C:\xampp\htdocs\yii\framework\web\CWebApplication.php(121): CWebApplication->runController('site/page')
#15 C:\xampp\htdocs\yii\framework\base\CApplication.php(155): CWebApplication->processRequest()
#16 C:\xampp\htdocs\yii\demos\coba\index.php(11): CApplication->run()
#17 {main} REQUEST_URI=/yii/demos/coba/index.php/site/page?view=adgallery
2011/06/17 21:35:02 [error] [exception.CException] exception 'CException' with message 'Property "AdGallery.0" is not defined.' in C:\xampp\htdocs\yii\framework\base\CComponent.php:173
Stack trace:
#0 C:\xampp\htdocs\yii\framework\web\CWidgetFactory.php(162): CComponent->__set('0', 'uploads/1/icys2...')
#1 C:\xampp\htdocs\yii\framework\web\CBaseController.php(139): CWidgetFactory->createWidget(Object(SiteController), 'application.ext...', Array)
#2 C:\xampp\htdocs\yii\framework\web\CBaseController.php(165): CBaseController->createWidget('application.ext...', Array)
#3 C:\xampp\htdocs\yii\demos\coba\protected\views\site\pages\adgallery.php(11): CBaseController->widget('application.ext...', Array)
#4 C:\xampp\htdocs\yii\framework\web\CBaseController.php(119): require('C:\xampp\htdocs...')
#5 C:\xampp\htdocs\yii\framework\web\CBaseController.php(88): CBaseController->renderInternal('C:\xampp\htdocs...', NULL, true)
#6 C:\xampp\htdocs\yii\framework\web\CController.php(866): CBaseController->renderFile('C:\xampp\htdocs...', NULL, true)
#7 C:\xampp\htdocs\yii\framework\web\CController.php(779): CController->renderPartial('pages/adgallery', NULL, true)
#8 C:\xampp\htdocs\yii\framework\web\actions\CViewAction.php(138): CController->render('pages/adgallery')
#9 C:\xampp\htdocs\yii\framework\web\actions\CAction.php(72): CViewAction->run()
#10 C:\xampp\htdocs\yii\framework\web\CController.php(300): CAction->runWithParams(Array)
#11 C:\xampp\htdocs\yii\framework\web\CController.php(278): CController->runAction(Object(CViewAction))
#12 C:\xampp\htdocs\yii\framework\web\CController.php(257): CController->runActionWithFilters(Object(CViewAction), Array)
#13 C:\xampp\htdocs\yii\framework\web\CWebApplication.php(328): CController->run('page')
#14 C:\xampp\htdocs\yii\framework\web\CWebApplication.php(121): CWebApplication->runController('site/page')
#15 C:\xampp\htdocs\yii\framework\base\CApplication.php(155): CWebApplication->processRequest()
#16 C:\xampp\htdocs\yii\demos\coba\index.php(11): CApplication->run()
#17 {main} REQUEST_URI=/yii/demos/coba/index.php/site/page?view=adgallery
2011/06/17 21:36:24 [error] [exception.CHttpException.404] exception 'CHttpException' with message 'The system is unable to find the requested action "uploads".' in C:\xampp\htdocs\yii\framework\web\CController.php:477
Stack trace:
#0 C:\xampp\htdocs\yii\framework\web\CController.php(262): CController->missingAction('uploads')
#1 C:\xampp\htdocs\yii\framework\web\CWebApplication.php(328): CController->run('uploads')
#2 C:\xampp\htdocs\yii\framework\web\CWebApplication.php(121): CWebApplication->runController('site/uploads/1/...')
#3 C:\xampp\htdocs\yii\framework\base\CApplication.php(155): CWebApplication->processRequest()
#4 C:\xampp\htdocs\yii\demos\coba\index.php(11): CApplication->run()
#5 {main} REQUEST_URI=/yii/demos/coba/index.php/site/uploads/1/icys2.jpg
2011/06/17 21:36:24 [error] [exception.CHttpException.404] exception 'CHttpException' with message 'The system is unable to find the requested action "uploads".' in C:\xampp\htdocs\yii\framework\web\CController.php:477
Stack trace:
#0 C:\xampp\htdocs\yii\framework\web\CController.php(262): CController->missingAction('uploads')
#1 C:\xampp\htdocs\yii\framework\web\CWebApplication.php(328): CController->run('uploads')
#2 C:\xampp\htdocs\yii\framework\web\CWebApplication.php(121): CWebApplication->runController('site/uploads/1/...')
#3 C:\xampp\htdocs\yii\framework\base\CApplication.php(155): CWebApplication->processRequest()
#4 C:\xampp\htdocs\yii\demos\coba\index.php(11): CApplication->run()
#5 {main} REQUEST_URI=/yii/demos/coba/index.php/site/uploads/1/icys3.jpg
2011/06/17 21:36:25 [error] [exception.CHttpException.404] exception 'CHttpException' with message 'The system is unable to find the requested action "uploads".' in C:\xampp\htdocs\yii\framework\web\CController.php:477
Stack trace:
#0 C:\xampp\htdocs\yii\framework\web\CController.php(262): CController->missingAction('uploads')
#1 C:\xampp\htdocs\yii\framework\web\CWebApplication.php(328): CController->run('uploads')
#2 C:\xampp\htdocs\yii\framework\web\CWebApplication.php(121): CWebApplication->runController('site/uploads/1/...')
#3 C:\xampp\htdocs\yii\framework\base\CApplication.php(155): CWebApplication->processRequest()
#4 C:\xampp\htdocs\yii\demos\coba\index.php(11): CApplication->run()
#5 {main} REQUEST_URI=/yii/demos/coba/index.php/site/uploads/1/icys2.jpg
2011/06/17 21:36:25 [error] [exception.CHttpException.404] exception 'CHttpException' with message 'The system is unable to find the requested action "uploads".' in C:\xampp\htdocs\yii\framework\web\CController.php:477
Stack trace:
#0 C:\xampp\htdocs\yii\framework\web\CController.php(262): CController->missingAction('uploads')
#1 C:\xampp\htdocs\yii\framework\web\CWebApplication.php(328): CController->run('uploads')
#2 C:\xampp\htdocs\yii\framework\web\CWebApplication.php(121): CWebApplication->runController('site/uploads/1/...')
#3 C:\xampp\htdocs\yii\framework\base\CApplication.php(155): CWebApplication->processRequest()
#4 C:\xampp\htdocs\yii\demos\coba\index.php(11): CApplication->run()
#5 {main} REQUEST_URI=/yii/demos/coba/index.php/site/uploads/1/icys3.jpg
2011/06/17 21:36:37 [error] [exception.CHttpException.404] exception 'CHttpException' with message 'The system is unable to find the requested action "uploads".' in C:\xampp\htdocs\yii\framework\web\CController.php:477
Stack trace:
#0 C:\xampp\htdocs\yii\framework\web\CController.php(262): CController->missingAction('uploads')
#1 C:\xampp\htdocs\yii\framework\web\CWebApplication.php(328): CController->run('uploads')
#2 C:\xampp\htdocs\yii\framework\web\CWebApplication.php(121): CWebApplication->runController('site/uploads/1/...')
#3 C:\xampp\htdocs\yii\framework\base\CApplication.php(155): CWebApplication->processRequest()
#4 C:\xampp\htdocs\yii\demos\coba\index.php(11): CApplication->run()
#5 {main} REQUEST_URI=/yii/demos/coba/index.php/site/uploads/1/icys2.jpg
2011/06/17 22:09:07 [error] [exception.CException] exception 'CException' with message 'Alias "application.extensions.adGallery" is invalid. Make sure it points to an existing PHP file.' in C:\xampp\htdocs\yii\framework\YiiBase.php:311
Stack trace:
#0 C:\xampp\htdocs\yii\framework\web\CWidgetFactory.php(147): YiiBase::import('application.ext...', true)
#1 C:\xampp\htdocs\yii\framework\web\CBaseController.php(139): CWidgetFactory->createWidget(Object(SiteController), 'application.ext...', Array)
#2 C:\xampp\htdocs\yii\framework\web\CBaseController.php(165): CBaseController->createWidget('application.ext...', Array)
#3 C:\xampp\htdocs\yii\demos\coba\protected\views\site\pages\adgallery.php(11): CBaseController->widget('application.ext...', Array)
#4 C:\xampp\htdocs\yii\framework\web\CBaseController.php(119): require('C:\xampp\htdocs...')
#5 C:\xampp\htdocs\yii\framework\web\CBaseController.php(88): CBaseController->renderInternal('C:\xampp\htdocs...', NULL, true)
#6 C:\xampp\htdocs\yii\framework\web\CController.php(866): CBaseController->renderFile('C:\xampp\htdocs...', NULL, true)
#7 C:\xampp\htdocs\yii\framework\web\CController.php(779): CController->renderPartial('pages/adgallery', NULL, true)
#8 C:\xampp\htdocs\yii\framework\web\actions\CViewAction.php(138): CController->render('pages/adgallery')
#9 C:\xampp\htdocs\yii\framework\web\actions\CAction.php(72): CViewAction->run()
#10 C:\xampp\htdocs\yii\framework\web\CController.php(300): CAction->runWithParams(Array)
#11 C:\xampp\htdocs\yii\framework\web\CController.php(278): CController->runAction(Object(CViewAction))
#12 C:\xampp\htdocs\yii\framework\web\CController.php(257): CController->runActionWithFilters(Object(CViewAction), Array)
#13 C:\xampp\htdocs\yii\framework\web\CWebApplication.php(328): CController->run('page')
#14 C:\xampp\htdocs\yii\framework\web\CWebApplication.php(121): CWebApplication->runController('site/page')
#15 C:\xampp\htdocs\yii\framework\base\CApplication.php(155): CWebApplication->processRequest()
#16 C:\xampp\htdocs\yii\demos\coba\index.php(11): CApplication->run()
#17 {main} REQUEST_URI=/yii/demos/coba/index.php/site/page?view=adgallery
2011/06/17 22:09:34 [error] [exception.CException] exception 'CException' with message 'Alias "application.extensions.adGallery" is invalid. Make sure it points to an existing PHP file.' in C:\xampp\htdocs\yii\framework\YiiBase.php:311
Stack trace:
#0 C:\xampp\htdocs\yii\framework\web\CWidgetFactory.php(147): YiiBase::import('application.ext...', true)
#1 C:\xampp\htdocs\yii\framework\web\CBaseController.php(139): CWidgetFactory->createWidget(Object(SiteController), 'application.ext...', Array)
#2 C:\xampp\htdocs\yii\framework\web\CBaseController.php(165): CBaseController->createWidget('application.ext...', Array)
#3 C:\xampp\htdocs\yii\demos\coba\protected\views\site\pages\adgallery.php(11): CBaseController->widget('application.ext...', Array)
#4 C:\xampp\htdocs\yii\framework\web\CBaseController.php(119): require('C:\xampp\htdocs...')
#5 C:\xampp\htdocs\yii\framework\web\CBaseController.php(88): CBaseController->renderInternal('C:\xampp\htdocs...', NULL, true)
#6 C:\xampp\htdocs\yii\framework\web\CController.php(866): CBaseController->renderFile('C:\xampp\htdocs...', NULL, true)
#7 C:\xampp\htdocs\yii\framework\web\CController.php(779): CController->renderPartial('pages/adgallery', NULL, true)
#8 C:\xampp\htdocs\yii\framework\web\actions\CViewAction.php(138): CController->render('pages/adgallery')
#9 C:\xampp\htdocs\yii\framework\web\actions\CAction.php(72): CViewAction->run()
#10 C:\xampp\htdocs\yii\framework\web\CController.php(300): CAction->runWithParams(Array)
#11 C:\xampp\htdocs\yii\framework\web\CController.php(278): CController->runAction(Object(CViewAction))
#12 C:\xampp\htdocs\yii\framework\web\CController.php(257): CController->runActionWithFilters(Object(CViewAction), Array)
#13 C:\xampp\htdocs\yii\framework\web\CWebApplication.php(328): CController->run('page')
#14 C:\xampp\htdocs\yii\framework\web\CWebApplication.php(121): CWebApplication->runController('site/page')
#15 C:\xampp\htdocs\yii\framework\base\CApplication.php(155): CWebApplication->processRequest()
#16 C:\xampp\htdocs\yii\demos\coba\index.php(11): CApplication->run()
#17 {main} REQUEST_URI=/yii/demos/coba/index.php/site/page?view=adgallery
